New Log
Game Start
úQÒí
4 4 to 4 5
2 4 to 2 5
6 4 to 6 5
5 4 to 5 5
7 4 to 7 5
5 9 to 5 8
7 11 to 6 11
4 10 to 4 9
2 12 to 2 11
8 4 to 8 5
3 11 to 3 10
6 10 to 5 10
3 4 to 3 5
8 12 to 8 11
6 5 to 6 6
7 5 to 7 6
5 5 to 5 6
3 5 to 3 6
4 5 to 4 6
2 5 to 2 6
8 5 to 8 6
5 8 to 5 7
5 10 to 4 10
2 11 to 2 10
4 9 to 3 9
3 10 to 3 11
6 11 to 5 11
8 11 to 7 11
4 6 to 4 7
5 6 and 5 7 FIGHT
5 7 DIE
7 6 to 7 7
6 6 to 6 7
3 6 to 3 7
2 6 to 2 7
5 11 to 4 11
3 11 to 3 10
3 9 to 3 8
2 10 to 2 9
4 10 to 4 9
8 6 to 8 7
7 11 to 7 10
3 7 and 3 8 FIGHT
3 8 DIE
5 6 to 4 6
4 7 to 4 8
6 7 to 6 8
2 7 to 2 8
7 7 to 7 8
8 7 to 8 8
4 11 to 4 10
2 9 and 2 8 FIGHT
2 8 DIE
4 9 and 4 8 FIGHT
4 8 DIE
7 10 to 6 10
3 10 to 3 9
7 8 to 7 9
3 7 to 4 7
6 8 to 6 9
4 6 to 4 5
8 8 to 8 9
2 9 to 1 9
4 10 to 5 10
4 9 to 5 9
6 10 and 6 9 FIGHT
6 10 DIE
3 9 to 4 9
4 5 to 4 6
4 8 DISAPPEAR
4 7 to 4 8
6 9 and 5 9 FIGHT
6 9 DIE
8 9 to 8 10
7 9 to 7 8
5 10 to 5 11
5 9 to 5 10
4 9 and 4 8 FIGHT
4 9 DIE
1 9 to 1 10
7 8 to 7 9
4 8 to 5 8
4 6 to 4 7
5 10 to 4 10
5 11 to 5 10
8 10 to 7 10
1 10 to 1 9
7 9 to 8 9
4 7 to 4 8
5 8 to 5 9
7 10 to 7 9
5 10 and 5 9 FIGHT
5 10 DIE
4 10 to 4 11
1 9 to 2 9
4 8 to 4 7
6 10 DISAPPEAR
5 9 to 5 8
8 9 to 8 10
7 9 to 7 10
2 9 to 3 9
4 11 to 4 10
8 10 to 9 10
5 8 to 5 9
4 7 to 4 8
7 10 to 6 10
3 9 to 3 10
4 10 to 4 11
5 9 to 5 8
4 8 to 4 7
9 10 to 8 10
6 10 to 7 10
3 10 to 3 9
4 11 to 4 10
5 7 DISAPPEAR
4 7 to 4 8
5 8 to 5 9
7 10 to 6 10
8 10 to 7 10
3 9 to 2 9
4 10 to 4 11
7 10 to 7 9
5 9 to 5 8
4 8 to 4 7
6 10 to 7 10
4 11 to 4 10
2 9 to 3 9
7 9 to 7 8
5 8 to 5 9
4 7 to 4 8
7 10 to 6 10
4 10 to 3 10
3 9 to 2 9
4 8 to 4 7
5 9 to 5 8
6 9 DISAPPEAR
6 10 to 6 9
3 10 to 3 9
2 9 to 2 10
7 9 to 7 10
5 8 to 5 9
4 7 to 4 8
6 9 to 6 10
2 10 to 2 9
3 9 to 3 10
7 10 to 7 9
4 8 to 5 8
5 9 to 6 9
6 10 to 6 11
2 9 to 3 9
3 10 to 3 11
5 10 DISAPPEAR
5 8 to 5 9
7 9 to 7 10
6 9 to 6 8
6 11 to 5 11
3 9 to 3 10
3 11 to 4 11
5 9 to 5 10
6 8 to 6 9
7 10 to 6 10
5 11 and 4 11 FIGHT
5 11 DIE
4 11 to 4 10
3 10 to 2 10
6 10 to 6 11
6 9 to 6 10
5 10 and 4 10 FIGHT
4 10 DIE
2 10 to 2 11
6 10 to 6 9
4 10 DISAPPEAR
6 11 to 6 10
5 10 to 4 10
2 11 to 2 10
4 10 to 3 10
6 9 to 5 9
6 10 to 5 10
2 10 and 3 10 FIGHT
2 10 DIE
Calabash win
