New Log
Game Start
”„¡€
8 4 to 8 5
3 4 to 3 5
5 4 to 5 5
6 4 to 6 5
7 4 to 7 5
4 4 to 4 5
5 9 to 4 9
8 12 to 7 12
5 13 to 4 13
4 12 to 4 11
6 12 to 5 12
2 12 to 2 11
7 11 to 6 11
3 11 to 3 10
5 11 to 5 10
4 10 to 4 10
2 4 to 2 5
7 5 to 7 6
6 5 to 6 6
2 5 to 2 6
3 5 to 3 6
5 5 to 5 6
8 5 to 8 6
4 5 to 4 6
4 9 to 3 9
7 12 to 6 12
3 10 to 2 10
6 11 to 5 11
4 13 to 4 12
4 11 to 3 11
5 12 to 5 13
2 11 to 1 11
5 10 to 5 9
4 10 to 4 9
6 6 to 6 7
8 6 to 8 7
5 6 to 5 7
3 6 to 3 7
2 6 to 2 7
7 6 to 7 7
4 6 to 4 7
5 9 to 5 8
3 11 to 3 10
4 12 to 4 11
5 11 to 5 10
2 10 to 2 9
6 12 to 6 11
3 9 to 3 8
5 13 to 5 12
4 9 to 4 8
1 11 to 1 10
8 7 to 8 8
6 7 to 6 8
4 7 and 4 8 FIGHT
4 7 DIE
1 10 to 1 9
5 12 to 5 11
6 11 to 6 10
2 9 to 2 8
3 10 to 3 9
5 8 and 6 8 FIGHT
6 8 DIE
7 7 to 7 8
3 7 and 3 8 FIGHT
3 8 DIE
4 8 to 4 9
5 7 and 5 8 FIGHT
5 8 DIE
2 7 and 2 8 FIGHT
2 7 DIE
4 11 to 4 10
5 10 to 5 9
3 7 to 3 6
8 8 to 8 9
7 8 to 7 9
4 10 to 5 10
5 9 to 6 9
5 7 to 6 7
1 9 to 2 9
6 10 to 7 10
2 8 to 1 8
3 9 to 3 10
5 11 to 6 11
4 9 to 5 9
2 7 DISAPPEAR
6 7 to 5 7
3 6 to 3 7
8 9 to 8 10
7 9 and 6 9 FIGHT
6 9 DIE
5 9 to 4 9
6 11 to 6 10
3 10 to 3 9
7 10 and 8 10 FIGHT
7 10 DIE
2 9 to 2 8
1 8 to 1 9
5 10 to 4 10
3 7 to 3 6
5 7 to 5 6
8 10 to 8 9
7 9 to 7 8
1 9 to 1 8
4 10 to 5 10
2 8 to 2 7
3 9 to 3 10
6 10 to 6 11
4 9 to 5 9
3 6 to 3 7
5 6 to 5 7
6 11 to 6 10
2 7 and 3 7 FIGHT
2 7 DIE
1 8 to 1 7
7 8 to 7 9
3 10 to 3 9
8 9 to 8 8
5 10 to 4 10
5 9 to 4 9
4 7 DISAPPEAR
7 9 to 7 8
8 8 to 8 7
5 7 to 4 7
3 7 to 3 6
3 9 to 2 9
6 10 to 5 10
4 9 to 4 8
1 7 to 1 8
4 10 to 4 9
3 6 to 3 7
7 8 to 8 8
8 7 to 7 7
4 7 and 4 8 FIGHT
4 7 DIE
4 8 to 4 8
5 10 to 4 10
2 9 to 2 8
1 8 to 0 8
4 9 to 5 9
8 8 to 7 8
3 7 to 3 6
7 7 to 6 7
2 8 to 2 9
4 8 to 4 9
5 9 to 5 10
4 10 to 3 10
0 8 to 1 8
6 8 DISAPPEAR
3 6 to 3 7
7 8 to 7 9
6 7 to 6 8
1 8 to 2 8
3 10 to 3 9
5 10 to 4 10
4 9 to 4 8
2 9 to 2 10
6 8 to 6 7
3 7 to 3 6
7 9 to 7 8
4 8 to 4 9
2 10 to 2 9
3 9 to 3 10
2 8 to 1 8
4 10 to 5 10
7 8 to 6 8
3 6 to 3 7
6 7 to 5 7
5 10 to 5 9
1 8 to 1 7
3 10 to 3 9
2 9 to 2 8
4 9 to 4 8
7 10 DISAPPEAR
3 7 to 3 6
6 8 to 6 7
5 7 to 5 6
2 8 to 1 8
3 9 to 4 9
4 8 to 4 8
5 9 to 5 10
1 7 to 1 6
6 7 to 5 7
3 6 to 3 7
5 6 to 4 6
4 9 to 3 9
5 10 to 4 10
1 6 to 2 6
1 8 to 1 7
4 8 to 4 9
4 9 to 4 8
4 10 to 3 10
3 9 to 4 9
4 6 to 3 6
3 7 to 3 7
5 7 to 5 6
2 6 and 3 6 FIGHT
3 6 DIE
1 7 to 1 8
5 8 DISAPPEAR
3 7 to 3 7
5 6 to 5 7
4 8 to 5 8
2 6 to 2 5
4 9 to 3 9
3 10 to 2 10
1 8 to 1 7
3 7 to 3 7
5 7 and 5 8 FIGHT
5 8 DIE
1 7 to 1 6
2 10 to 2 9
3 9 to 4 9
2 5 to 2 6
5 7 to 5 6
3 7 to 3 7
2 6 to 2 5
4 9 to 3 9
2 9 to 2 8
1 6 to 2 6
3 8 DISAPPEAR
5 6 to 5 7
3 7 to 3 8
2 8 and 3 8 FIGHT
2 8 DIE
3 9 and 3 8 FIGHT
3 9 DIE
2 5 to 3 5
2 6 to 2 5
5 7 to 5 6
3 8 to 3 7
2 5 to 2 6
3 5 to 4 5
3 7 to 3 8
5 6 to 4 6
4 5 and 4 6 FIGHT
4 5 DIE
2 6 to 2 5
4 7 DISAPPEAR
4 6 to 4 7
3 8 to 3 7
2 5 to 2 6
3 7 to 3 8
4 7 to 3 7
2 6 to 1 6
3 8 to 4 8
3 7 to 3 8
1 6 to 1 7
2 8 DISAPPEAR
4 8 to 4 7
3 8 to 2 8
1 7 to 0 7
2 8 to 1 8
4 7 to 3 7
0 7 to 1 7
3 7 to 4 7
1 7 and 1 8 FIGHT
1 7 DIE
Calabash win
